#
# There is insufficient memory for the Java Runtime Environment to continue.
# Native memory allocation (malloc) failed to allocate 1048576 bytes for AllocateHeap
# Possible reasons:
#   The system is out of physical RAM or swap space
#   The process is running with CompressedOops enabled, and the Java Heap may be blocking the growth of the native heap
# Possible solutions:
#   Reduce memory load on the system
#   Increase physical memory or swap space
#   Check if swap backing store is full
#   Decrease Java heap size (-Xmx/-Xms)
#   Decrease number of Java threads
#   Decrease Java thread stack sizes (-Xss)
#   Set larger code cache with -XX:ReservedCodeCacheSize=
#   JVM is running with Zero Based Compressed Oops mode in which the Java heap is
#     placed in the first 32GB address space. The Java Heap base address is the
#     maximum limit for the native heap growth. Please use -XX:HeapBaseMinAddress
#     to set the Java Heap base and to place the Java Heap above 32GB virtual address.
# This output file may be truncated or incomplete.
#
#  Out of Memory Error (memory/allocation.inline.hpp:61), pid=37100, tid=0x00000000000085e0
#
# JRE version:  (8.0_211-b12) (build )
# Java VM: Java HotSpot(TM) 64-Bit Server VM (25.211-b12 mixed mode windows-amd64 compressed oops)
# Failed to write core dump. Minidumps are not enabled by default on client versions of Windows
#

---------------  T H R E A D  ---------------

Current thread (0x0000000002b1e000):  JavaThread "Unknown thread" [_thread_in_vm, id=34272, stack(0x00000000027f0000,0x00000000028f0000)]

Stack: [0x00000000027f0000,0x00000000028f0000]
[error occurred during error reporting (printing stack bounds), id 0xc0000005]

Native frames: (J=compiled Java code, j=interpreted, Vv=VM code, C=native code)


---------------  P R O C E S S  ---------------

Java Threads: ( => current thread )

Other Threads:

=>0x0000000002b1e000 (exited) JavaThread "Unknown thread" [_thread_in_vm, id=34272, stack(0x00000000027f0000,0x00000000028f0000)]

VM state:not at safepoint (normal execution)

VM Mutex/Monitor currently owned by a thread: None

heap address: 0x0000000701400000, size: 3052 MB, Compressed Oops mode: Zero based, Oop shift amount: 3
Narrow klass base: 0x0000000000000000, Narrow klass shift: 3
Compressed class space size: 1073741824 Address: 0x00000007c0000000

Heap:
 PSYoungGen      total 57344K, used 983K [0x0000000780700000, 0x0000000784700000, 0x00000007c0000000)
  eden space 49152K, 2% used [0x0000000780700000,0x00000007807f5c38,0x0000000783700000)
  from space 8192K, 0% used [0x0000000783f00000,0x0000000783f00000,0x0000000784700000)
  to   space 8192K, 0% used [0x0000000783700000,0x0000000783700000,0x0000000783f00000)
 ParOldGen       total 131072K, used 0K [0x0000000701400000, 0x0000000709400000, 0x0000000780700000)
  object space 131072K, 0% used [0x0000000701400000,0x0000000701400000,0x0000000709400000)
 Metaspace       used 751K, capacity 4480K, committed 4480K, reserved 1056768K
  class space    used 76K, capacity 384K, committed 384K, reserved 1048576K

Card table byte_map: [0x0000000011ee0000,0x00000000124e0000] byte_map_base: 0x000000000e6d6000

Marking Bits: (ParMarkBitMap*) 0x000000005fe85ce0
 Begin Bits: [0x0000000012ce0000, 0x0000000015c90000)
 End Bits:   [0x0000000015c90000, 0x0000000018c40000)

Polling page: 0x0000000000d20000

CodeCache: size=245760Kb used=328Kb max_used=328Kb free=245431Kb
 bounds [0x0000000002b20000, 0x0000000002d90000, 0x0000000011b20000]
 total_blobs=58 nmethods=0 adapters=38
 compilation: enabled

Compilation events (0 events):
No events

GC Heap History (0 events):
No events

Deoptimization events (0 events):
No events

Classes redefined (0 events):
No events

Internal exceptions (0 events):
No events

Events (10 events):
Event: 0.032 loading class java/lang/Short
Event: 0.032 loading class java/lang/Short done
Event: 0.032 loading class java/lang/Integer
Event: 0.032 loading class java/lang/Integer done
Event: 0.032 loading class java/lang/Long
Event: 0.032 loading class java/lang/Long done
Event: 0.033 loading class java/lang/NullPointerException
Event: 0.033 loading class java/lang/NullPointerException done
Event: 0.033 loading class java/lang/ArithmeticException
Event: 0.033 loading class java/lang/ArithmeticException done


Dynamic libraries:
0x00007ff67c230000 - 0x00007ff67c267000 	C:\Program Files\Java\jre1.8.0_211\bin\javaw.exe
0x00007ffb55840000 - 0x00007ffb55a21000 	C:\WINDOWS\SYSTEM32\ntdll.dll
0x00007ffb3cb10000 - 0x00007ffb3cb22000 	C:\Program Files\AVAST Software\Avast\aswhook.dll
0x00007ffb54ca0000 - 0x00007ffb54d51000 	C:\WINDOWS\System32\KERNEL32.DLL
0x00007ffb523c0000 - 0x00007ffb52633000 	C:\WINDOWS\System32\KERNELBASE.dll
0x00007ffb53030000 - 0x00007ffb530d1000 	C:\WINDOWS\System32\ADVAPI32.dll
0x00007ffb54e40000 - 0x00007ffb54ede000 	C:\WINDOWS\System32\msvcrt.dll
0x00007ffb54d60000 - 0x00007ffb54dbb000 	C:\WINDOWS\System32\sechost.dll
0x00007ffb534a0000 - 0x00007ffb535c4000 	C:\WINDOWS\System32\RPCRT4.dll
0x00007ffb52dc0000 - 0x00007ffb52f50000 	C:\WINDOWS\System32\USER32.dll
0x00007ffb52770000 - 0x00007ffb52790000 	C:\WINDOWS\System32\win32u.dll
0x00007ffb52f60000 - 0x00007ffb52f88000 	C:\WINDOWS\System32\GDI32.dll
0x00007ffb529d0000 - 0x00007ffb52b62000 	C:\WINDOWS\System32\gdi32full.dll
0x00007ffb51c10000 - 0x00007ffb51caf000 	C:\WINDOWS\System32\msvcp_win.dll
0x00007ffb52bd0000 - 0x00007ffb52cc8000 	C:\WINDOWS\System32\ucrtbase.dll
0x00007ffb42670000 - 0x00007ffb428d9000 	C:\WINDOWS\WinSxS\amd64_microsoft.windows.common-controls_6595b64144ccf1df_6.0.17134.706_none_fb43a2cb30647007\COMCTL32.dll
0x00007ffb55330000 - 0x00007ffb55652000 	C:\WINDOWS\System32\combase.dll
0x00007ffb52640000 - 0x00007ffb526ba000 	C:\WINDOWS\System32\bcryptPrimitives.dll
0x00007ffb55660000 - 0x00007ffb5568d000 	C:\WINDOWS\System32\IMM32.DLL
0x0000000060090000 - 0x0000000060162000 	C:\Program Files\Java\jre1.8.0_211\bin\msvcr100.dll
0x000000005f660000 - 0x000000005ff05000 	C:\Program Files\Java\jre1.8.0_211\bin\server\jvm.dll
0x00007ffb532b0000 - 0x00007ffb532b8000 	C:\WINDOWS\System32\PSAPI.DLL
0x00007ffb44de0000 - 0x00007ffb44de9000 	C:\WINDOWS\SYSTEM32\WSOCK32.dll
0x00007ffb54c30000 - 0x00007ffb54c9c000 	C:\WINDOWS\System32\WS2_32.dll
0x00007ffb4e9d0000 - 0x00007ffb4e9f3000 	C:\WINDOWS\SYSTEM32\WINMM.dll
0x00007ffb4da30000 - 0x00007ffb4da3a000 	C:\WINDOWS\SYSTEM32\VERSION.dll
0x00007ffb4e9a0000 - 0x00007ffb4e9ca000 	C:\WINDOWS\SYSTEM32\WINMMBASE.dll
0x00007ffb52790000 - 0x00007ffb527d9000 	C:\WINDOWS\System32\cfgmgr32.dll
0x00007ffb4dc20000 - 0x00007ffb4dc2f000 	C:\Program Files\Java\jre1.8.0_211\bin\verify.dll
0x00007ffb35e60000 - 0x00007ffb35e89000 	C:\Program Files\Java\jre1.8.0_211\bin\java.dll
0x00007ffb4c150000 - 0x00007ffb4c166000 	C:\Program Files\Java\jre1.8.0_211\bin\zip.dll

VM Arguments:
jvm_args: -Dfile.encoding=UTF-8 
java_command: com.Class36.Withdrawal
java_class_path (initial): C:\Users\avanc\eclipse-workspace\JavaBasics\bin
Launcher Type: SUN_STANDARD

Environment Variables:
JAVA_HOME=C:\Program Files\Java\jdk1
PATH=C:/Program Files/Java/jre1.8.0_211/bin/server;C:/Program Files/Java/jre1.8.0_211/bin;C:/Program Files/Java/jre1.8.0_211/lib/amd64;C:\Program Files (x86)\Common Files\Oracle\Java\javapath;C:\Program Files (x86)\Intel\iCLS Client\;C:\Program Files\Intel\iCLS Client\;C:\windows\system32;C:\windows;C:\windows\System32\Wbem;C:\windows\System32\WindowsPowerShell\v1.0\;C:\Program Files (x86)\NVIDIA Corporation\PhysX\Common;C:\Program Files (x86)\Intel\Intel(R) Management Engine Components\DAL;C:\Program Files\Intel\Intel(R) Management Engine Components\DAL;C:\Program Files (x86)\Intel\Intel(R) Management Engine Components\IPT;C:\Program Files\Intel\Intel(R) Management Engine Components\IPT;C:\WINDOWS\system32;C:\WINDOWS;C:\WINDOWS\System32\Wbem;C:\WINDOWS\System32\WindowsPowerShell\v1.0\;C:\WINDOWS\System32\OpenSSH\;C:\Program Files\Intel\WiFi\bin\;C:\Program Files\Common Files\Intel\WirelessCommon\;C:\Program Files\NVIDIA Corporation\NVIDIA NvDLISR;C:\Program Files\Java\jdk1.8.0_201\bin;C:\Program Files\Git\cmd;C:\Program Files\Java\jdk-11.0.1\bin;C:\Users\avanc\OneDrive\Desktop;
USERNAME=avanc
OS=Windows_NT
PROCESSOR_IDENTIFIER=Intel64 Family 6 Model 142 Stepping 9, GenuineIntel



---------------  S Y S T E M  ---------------

OS: Windows 10.0 , 64 bit Build 17134 (10.0.17134.706)

CPU:total 4 (initial active 4) (2 cores per cpu, 2 threads per core) family 6 model 142 stepping 9, cmov, cx8, fxsr, mmx, sse, sse2, sse3, ssse3, sse4.1, sse4.2, popcnt, avx, avx2, aes, clmul, erms, 3dnowpref, lzcnt, ht, tsc, tscinvbit, bmi1, bmi2, adx

Memory: 4k page, physical 12494528k(3999012k free), swap 14973632k(5188k free)

vm_info: Java HotSpot(TM) 64-Bit Server VM (25.211-b12) for windows-amd64 JRE (1.8.0_211-b12), built on Apr  1 2019 20:53:26 by "java_re" with MS VC++ 10.0 (VS2010)

time: Sun May 12 11:35:54 2019
timezone: Eastern Daylight Time
elapsed time: 0 seconds (0d 0h 0m 0s)

